app/build/outputs/logs/manifest-merger-debug-report.txt
-- Merging decision tree log ---
manifest
ADDED from src\main\AndroidManifest.xml:2:1-68:12
	package
		ADDED from src\main\AndroidManifest.xml:3:5-31
		INJECTED from src\main\AndroidManifest.xml
		INJECTED from src\main\AndroidManifest.xml
	android:versionName
		INJECTED from src\main\AndroidManifest.xml
		INJECTED from src\main\AndroidManifest.xml
	xmlns:android
		ADDED from src\main\AndroidManifest.xml:2:11-69
	android:versionCode
		INJECTED from src\main\AndroidManifest.xml
		INJECTED from src\main\AndroidManifest.xml
uses-permission#android.permission.WRITE_EXTERNAL_STORAGE
ADDED from src\main\AndroidManifest.xml:5:5-81
	android:name
		ADDED from src\main\AndroidManifest.xml:5:22-78
application
ADDED from src\main\AndroidManifest.xml:7:5-66:19
MERGED from [com.android.support:design:24.2.1] AndroidManifest.xml:22:5-20
MERGED from [com.android.support:support-v4:24.2.1] AndroidManifest.xml:25:5-20
MERGED from [com.android.support:support-compat:24.2.1] AndroidManifest.xml:25:5-20
MERGED from [com.android.support:support-media-compat:24.2.1] AndroidManifest.xml:25:5-20
MERGED from [com.android.support:support-core-utils:24.2.1] AndroidManifest.xml:25:5-20
MERGED from [com.android.support:support-core-ui:24.2.1] AndroidManifest.xml:25:5-20
MERGED from [com.android.support:support-fragment:24.2.1] AndroidManifest.xml:25:5-20
MERGED from [com.android.support:appcompat-v7:24.2.1] AndroidManifest.xml:25:5-20
MERGED from [com.android.support:support-vector-drawable:24.2.1] AndroidManifest.xml:23:5-20
MERGED from [com.android.support:animated-vector-drawable:24.2.1] AndroidManifest.xml:22:5-20
MERGED from [de.hdodenhof:circleimageview:2.1.0] AndroidManifest.xml:9:5-20
MERGED from [org.litepal.android:core:1.4.1] AndroidManifest.xml:11:5-14:19
	android:label
		ADDED from src\main\AndroidManifest.xml:11:9-41
	android:supportsRtl
		ADDED from src\main\AndroidManifest.xml:12:9-35
	android:allowBackup
		ADDED from src\main\AndroidManifest.xml:9:9-35
	android:icon
		ADDED from src\main\AndroidManifest.xml:10:9-39
	android:theme
		ADDED from src\main\AndroidManifest.xml:13:9-40
	android:name
		ADDED from src\main\AndroidManifest.xml:8:9-54
activity#com.example.book.MainActivity
ADDED from src\main\AndroidManifest.xml:14:9-18:20
	android:windowSoftInputMode
		ADDED from src\main\AndroidManifest.xml:16:13-54
	android:name
		ADDED from src\main\AndroidManifest.xml:15:13-41
activity#com.example.book.actor.UserActivity
ADDED from src\main\AndroidManifest.xml:19:9-21:36
	android:label
		ADDED from src\main\AndroidManifest.xml:21:13-33
	android:name
		ADDED from src\main\AndroidManifest.xml:20:13-47
activity#com.example.book.cart.ShopCartActivity
ADDED from src\main\AndroidManifest.xml:22:9-24:37
	android:label
		ADDED from src\main\AndroidManifest.xml:24:13-34
	android:name
		ADDED from src\main\AndroidManifest.xml:23:13-50
activity#com.example.book.order.OrderActivity
ADDED from src\main\AndroidManifest.xml:25:9-27:36
	android:label
		ADDED from src\main\AndroidManifest.xml:27:13-33
	android:name
		ADDED from src\main\AndroidManifest.xml:26:13-48
activity#com.example.book.actor.AdminActivity
ADDED from src\main\AndroidManifest.xml:28:9-30:37
	android:label
		ADDED from src\main\AndroidManifest.xml:30:13-34
	android:name
		ADDED from src\main\AndroidManifest.xml:29:13-48
activity#com.example.book.book.BookDetailActivity
ADDED from src\main\AndroidManifest.xml:31:9-33:36
	android:label
		ADDED from src\main\AndroidManifest.xml:33:13-33
	android:name
		ADDED from src\main\AndroidManifest.xml:32:13-52
activity#com.example.book.others.SettingActivity
ADDED from src\main\AndroidManifest.xml:34:9-36:34
	android:label
		ADDED from src\main\AndroidManifest.xml:36:13-31
	android:name
		ADDED from src\main\AndroidManifest.xml:35:13-51
activity#com.example.book.actor.LoginActivity
ADDED from src\main\AndroidManifest.xml:37:9-39:36
	android:label
		ADDED from src\main\AndroidManifest.xml:39:13-33
	android:name
		ADDED from src\main\AndroidManifest.xml:38:13-48
activity#com.example.book.actor.RegisterActivity
ADDED from src\main\AndroidManifest.xml:40:9-42:38
	android:label
		ADDED from src\main\AndroidManifest.xml:42:13-35
	android:name
		ADDED from src\main\AndroidManifest.xml:41:13-51
activity#com.example.book.actor.AdminUserActivity
ADDED from src\main\AndroidManifest.xml:43:9-46:57
	android:label
		ADDED from src\main\AndroidManifest.xml:45:13-33
	android:windowSoftInputMode
		ADDED from src\main\AndroidManifest.xml:46:13-54
	android:name
		ADDED from src\main\AndroidManifest.xml:44:13-52
activity#com.example.book.book.AdminBookActivity
ADDED from src\main\AndroidManifest.xml:47:9-50:57
	android:label
		ADDED from src\main\AndroidManifest.xml:49:13-33
	android:windowSoftInputMode
		ADDED from src\main\AndroidManifest.xml:50:13-54
	android:name
		ADDED from src\main\AndroidManifest.xml:48:13-51
activity#com.example.book.order.AdminOrderActivity
ADDED from src\main\AndroidManifest.xml:51:9-53:36
	android:label
		ADDED from src\main\AndroidManifest.xml:53:13-33
	android:name
		ADDED from src\main\AndroidManifest.xml:52:13-53
activity#com.example.book.book.AdminAddBookActivity
ADDED from src\main\AndroidManifest.xml:54:9-56:36
	android:label
		ADDED from src\main\AndroidManifest.xml:56:13-33
	android:name
		ADDED from src\main\AndroidManifest.xml:55:13-54
activity#com.example.book.order.OrderDetailActivity
ADDED from src\main\AndroidManifest.xml:57:9-59:36
	android:label
		ADDED from src\main\AndroidManifest.xml:59:13-33
	android:name
		ADDED from src\main\AndroidManifest.xml:58:13-54
activity#com.example.book.LoadActivity
ADDED from src\main\AndroidManifest.xml:60:9-65:20
	android:theme
		ADDED from src\main\AndroidManifest.xml:60:48-84
	android:name
		ADDED from src\main\AndroidManifest.xml:60:19-47
intent-filter#android.intent.action.MAIN+android.intent.category.LAUNCHER
ADDED from src\main\AndroidManifest.xml:61:13-64:29
action#android.intent.action.MAIN
ADDED from src\main\AndroidManifest.xml:62:17-69
	android:name
		ADDED from src\main\AndroidManifest.xml:62:25-66
category#android.intent.category.LAUNCHER
ADDED from src\main\AndroidManifest.xml:63:17-77
	android:name
		ADDED from src\main\AndroidManifest.xml:63:27-74
uses-sdk
INJECTED from src\main\AndroidManifest.xml reason: use-sdk injection requested
MERGED from [com.android.support:design:24.2.1] AndroidManifest.xml:20:5-43
MERGED from [com.android.support:support-v4:24.2.1] AndroidManifest.xml:21:5-23:54
MERGED from [com.android.support:support-compat:24.2.1] AndroidManifest.xml:21:5-23:58
MERGED from [com.android.support:support-media-compat:24.2.1] AndroidManifest.xml:21:5-23:63
MERGED from [com.android.support:support-core-utils:24.2.1] AndroidManifest.xml:21:5-23:61
MERGED from [com.android.support:support-core-ui:24.2.1] AndroidManifest.xml:21:5-23:58
MERGED from [com.android.support:support-fragment:24.2.1] AndroidManifest.xml:21:5-23:60
MERGED from [com.android.support:appcompat-v7:24.2.1] AndroidManifest.xml:21:5-23:78
MERGED from [com.android.support:support-vector-drawable:24.2.1] AndroidManifest.xml:21:5-43
MERGED from [com.android.support:animated-vector-drawable:24.2.1] AndroidManifest.xml:20:5-44
MERGED from [com.android.support:recyclerview-v7:24.2.1] AndroidManifest.xml:20:5-43
MERGED from [de.hdodenhof:circleimageview:2.1.0] AndroidManifest.xml:5:5-7:41
MERGED from [org.litepal.android:core:1.4.1] AndroidManifest.xml:7:5-9:41
	tools:overrideLibrary
		ADDED from [com.android.support:support-v4:24.2.1] AndroidManifest.xml:23:9-51
	android:targetSdkVersion
		INJECTED from src\main\AndroidManifest.xml
		INJECTED from src\main\AndroidManifest.xml
	android:minSdkVersion
		INJECTED from src\main\AndroidManifest.xml
		INJECTED from src\main\AndroidManifest.xml